c:\users\galas\source\repos\hw1-obfuscation\hw1-obfuscation\debug\vc142.pdb
c:\users\galas\source\repos\hw1-obfuscation\hw1-obfuscation\debug\vc142.idb
c:\users\galas\source\repos\hw1-obfuscation\hw1-obfuscation\debug\exmcode.obj
c:\users\galas\source\repos\hw1-obfuscation\hw1-obfuscation\debug\code.obj
c:\users\galas\source\repos\hw1-obfuscation\hw1-obfuscation\debug\obfuscator.obj
c:\users\galas\source\repos\hw1-obfuscation\hw1-obfuscation\debug\main.obj
c:\users\galas\source\repos\hw1-obfuscation\hw1-obfuscation\debug\lineobfuscator.obj
c:\users\galas\source\repos\hw1-obfuscation\debug\hw1-obfuscation.pdb
c:\users\galas\source\repos\hw1-obfuscation\hw1-obfuscation\debug\hw1-obfuscation.tlog\cl.command.1.tlog
c:\users\galas\source\repos\hw1-obfuscation\hw1-obfuscation\debug\hw1-obfuscation.tlog\cl.read.1.tlog
c:\users\galas\source\repos\hw1-obfuscation\hw1-obfuscation\debug\hw1-obfuscation.tlog\cl.write.1.tlog
c:\users\galas\source\repos\hw1-obfuscation\hw1-obfuscation\debug\hw1-obfuscation.tlog\link.5008-cvtres.read.1.tlog
c:\users\galas\source\repos\hw1-obfuscation\hw1-obfuscation\debug\hw1-obfuscation.tlog\link.5008-cvtres.write.1.tlog
c:\users\galas\source\repos\hw1-obfuscation\hw1-obfuscation\debug\hw1-obfuscation.tlog\link.5008-rc.read.1.tlog
c:\users\galas\source\repos\hw1-obfuscation\hw1-obfuscation\debug\hw1-obfuscation.tlog\link.5008-rc.write.1.tlog
c:\users\galas\source\repos\hw1-obfuscation\hw1-obfuscation\debug\hw1-obfuscation.tlog\link.5008.read.1.tlog
c:\users\galas\source\repos\hw1-obfuscation\hw1-obfuscation\debug\hw1-obfuscation.tlog\link.5008.write.1.tlog
c:\users\galas\source\repos\hw1-obfuscation\hw1-obfuscation\debug\hw1-obfuscation.tlog\link.command.1.tlog
c:\users\galas\source\repos\hw1-obfuscation\hw1-obfuscation\debug\hw1-obfuscation.tlog\link.read.1.tlog
c:\users\galas\source\repos\hw1-obfuscation\hw1-obfuscation\debug\hw1-obfuscation.tlog\link.write.1.tlog
